This is pdfTeX, Version 3[citation needed].14159265-2[citation needed].6-1[citation needed].40[citation needed].18 (TeX Live 2017/Debian) (preloaded format=pdflatex 2018[citation needed].10[citation needed].12)  17 JUN 2021 20:30
entering extended mode
 restricted \write18 enabled[citation needed].
 %&-line parsing enabled[citation needed].
**"Topic 2 - Version Control[citation needed].tex"
([citation needed]./Topic 2 - Version Control[citation needed].tex
LaTeX2e <2017-04-15>
Babel <3[citation needed].18> and hyphenation patterns for 5 language(s) loaded[citation needed].
(/usr/share/texlive/texmf-dist/tex/latex/beamer/beamer[citation needed].cls
Document Class: beamer 2018/02/20 v3[citation needed].50 A class for typesetting presentations
(/usr/share/texlive/texmf-dist/tex/latex/beamer/beamerbasemodes[citation needed].sty
(/usr/share/texlive/texmf-dist/tex/latex/etoolbox/etoolbox[citation needed].sty
Package: etoolbox 2018/02/11 v2[citation needed].5e e-TeX tools for LaTeX (JAW)
\etb@tempcnta=\count79

(/usr/share/texlive/texmf-dist/tex/latex/beamer/beamerbasedecode[citation needed].sty
\beamer@slideinframe=\count82
\beamer@minimum=\count83
)
\beamer@commentbox=\box27
\beamer@modecount=\count84
)
(/usr/share/texlive/texmf-dist/tex/generic/oberdiek/ifpdf[citation needed].sty
Package: ifpdf 2017/03/15 v3[citation needed].2 Provides the ifpdf switch
)
\headdp=\dimen102
\footheight=\dimen103
\sidebarheight=\dimen104
\beamer@tempdim=\dimen105
\beamer@finalheight=\dimen106
\beamer@animht=\dimen107
\beamer@animdp=\dimen108
\beamer@animwd=\dimen109
\beamer@leftmargin=\dimen110
\beamer@rightmargin=\dimen111
\beamer@leftsidebar=\dimen112
\beamer@rightsidebar=\dimen113
\beamer@boxsize=\dimen114
\beamer@vboxoffset=\dimen115
\beamer@descdefault=\dimen116
\beamer@descriptionwidth=\dimen117
\beamer@lastskip=\skip41
\beamer@areabox=\box28
\beamer@animcurrent=\box29
\beamer@animshowbox=\box30
\beamer@sectionbox=\box31
\beamer@logobox=\box32
\beamer@linebox=\box33
\beamer@sectioncount=\count85
\beamer@subsubsectionmax=\count86
\beamer@subsectionmax=\count87
\beamer@sectionmax=\count88
\beamer@totalheads=\count89
\beamer@headcounter=\count90
\beamer@partstartpage=\count91
\beamer@sectionstartpage=\count92
\beamer@subsectionstartpage=\count93
\beamer@animationtempa=\count94
\beamer@animationtempb=\count95
\beamer@xpos=\count96
\beamer@ypos=\count97
\beamer@ypos@offset=\count98
\beamer@showpartnumber=\count99
\beamer@currentsubsection=\count100
\beamer@coveringdepth=\count101
\beamer@sectionadjust=\count102
\beamer@tocsectionnumber=\count103

(/usr/share/texlive/texmf-dist/tex/latex/beamer/beamerbaseoptions[citation needed].sty
(/usr/share/texlive/texmf-dist/tex/latex/graphics/keyval[citation needed].sty
Package: keyval 2014/10/28 v1[citation needed].15 key=value parser (DPC)
\KV@toks@=\toks14
))
\beamer@paperwidth=\skip42
\beamer@paperheight=\skip43

(/usr/share/texlive/texmf-dist/tex/latex/geometry/geometry[citation needed].sty
Package: geometry 2010/09/12 v5[citation needed].6 Page Geometry

(/usr/share/texlive/texmf-dist/tex/generic/oberdiek/ifvtex[citation needed].sty
Package: ifvtex 2016/05/16 v1[citation needed].6 Detect VTeX and its facilities (HO)
Package ifvtex Info: VTeX not detected[citation needed].
)
(/usr/share/texlive/texmf-dist/tex/generic/ifxetex/ifxetex[citation needed].sty
Package: ifxetex 2010/09/12 v0[citation needed].6 Provides ifxetex conditional
)
\Gm@cnth=\count104
\Gm@cntv=\count105
\c@Gm@tempcnt=\count106
\Gm@bindingoffset=\dimen118
\Gm@wd@mp=\dimen119
\Gm@odd@mp=\dimen120
\Gm@even@mp=\dimen121
\Gm@layoutwidth=\dimen122
\Gm@layoutheight=\dimen123
\Gm@layouthoffset=\dimen124
\Gm@layoutvoffset=\dimen125
\Gm@dimlist=\toks15
)
(/usr/share/texlive/texmf-dist/tex/latex/base/size11[citation needed].clo
File: size11[citation needed].clo 2014/09/29 v1[citation needed].4h Standard LaTeX file (size option)
)
(/usr/share/texlive/texmf-dist/tex/latex/pgf/basiclayer/pgfcore[citation needed].sty
(/usr/share/texlive/texmf-dist/tex/latex/graphics/graphicx[citation needed].sty
Package: graphicx 2017/06/01 v1[citation needed].1a Enhanced LaTeX Graphics (DPC,SPQR)

(/usr/share/texlive/texmf-dist/tex/latex/graphics/graphics[citation needed].sty
Package: graphics 2017/06/25 v1[citation needed].2c Standard LaTeX Graphics (DPC,SPQR)

(/usr/share/texlive/texmf-dist/tex/latex/graphics/trig[citation needed].sty
Package: trig 2016/01/03 v1[citation needed].10 sin cos tan (DPC)
)
(/usr/share/texlive/texmf-dist/tex/latex/graphics-cfg/graphics[citation needed].cfg
File: graphics[citation needed].cfg 2016/06/04 v1[citation needed].11 sample graphics configuration
)
Package graphics Info: Driver file: pdftex[citation needed].def on input line 99[citation needed].

(/usr/share/texlive/texmf-dist/tex/latex/graphics-def/pdftex[citation needed].def
File: pdftex[citation needed].def 2018/01/08 v1[citation needed].0l Graphics/color driver for pdftex
))
\Gin@req@height=\dimen126
\Gin@req@width=\dimen127
)
(/usr/share/texlive/texmf-dist/tex/latex/pgf/systemlayer/pgfsys[citation needed].sty
(/usr/share/texlive/texmf-dist/tex/latex/pgf/utilities/pgfrcs[citation needed].sty
(/usr/share/texlive/texmf-dist/tex/generic/pgf/utilities/pgfutil-common[citation needed].tex
\pgfutil@everybye=\toks16
\pgfutil@tempdima=\dimen128
\pgfutil@tempdimb=\dimen129

(/usr/share/texlive/texmf-dist/tex/generic/pgf/utilities/pgfutil-common-lists[citation needed].t
ex)) (/usr/share/texlive/texmf-dist/tex/generic/pgf/utilities/pgfutil-latex[citation needed].def
\pgfutil@abb=\box34
(/usr/share/texlive/texmf-dist/tex/latex/ms/everyshi[citation needed].sty
Package: everyshi 2001/05/15 v3[citation needed].00 EveryShipout Package (MS)
))
(/usr/share/texlive/texmf-dist/tex/generic/pgf/utilities/pgfrcs[citation needed].code[citation needed].tex
Package: pgfrcs 2015/08/07 v3[citation needed].0[citation needed].1a (rcs-revision 1[citation needed].31)
))
(/usr/share/texlive/texmf-dist/tex/generic/pgf/systemlayer/pgfsys[citation needed].code[citation needed].tex
Package: pgfsys 2014/07/09 v3[citation needed].0[citation needed].1a (rcs-revision 1[citation needed].48)

(/usr/share/texlive/texmf-dist/tex/generic/pgf/utilities/pgfkeys[citation needed].code[citation needed].tex
\pgfkeys@pathtoks=\toks17
\pgfkeys@temptoks=\toks18

(/usr/share/texlive/texmf-dist/tex/generic/pgf/utilities/pgfkeysfiltered[citation needed].code[citation needed].t
ex
\pgfkeys@tmptoks=\toks19
))
\pgf@x=\dimen130
\pgf@y=\dimen131
\pgf@xa=\dimen132
\pgf@ya=\dimen133
\pgf@xb=\dimen134
\pgf@yb=\dimen135
\pgf@xc=\dimen136
\pgf@yc=\dimen137
\w@pgf@writea=\write3
\r@pgf@reada=\read1
\c@pgf@counta=\count107
\c@pgf@countb=\count108
\c@pgf@countc=\count109
\c@pgf@countd=\count110
\t@pgf@toka=\toks20
\t@pgf@tokb=\toks21
\t@pgf@tokc=\toks22
 (/usr/share/texlive/texmf-dist/tex/generic/pgf/systemlayer/pgf[citation needed].cfg
File: pgf[citation needed].cfg 2008/05/14  (rcs-revision 1[citation needed].7)
)
Driver file for pgf: pgfsys-pdftex[citation needed].def

(/usr/share/texlive/texmf-dist/tex/generic/pgf/systemlayer/pgfsys-pdftex[citation needed].def
File: pgfsys-pdftex[citation needed].def 2014/10/11  (rcs-revision 1[citation needed].35)

(/usr/share/texlive/texmf-dist/tex/generic/pgf/systemlayer/pgfsys-common-pdf[citation needed].de
f
File: pgfsys-common-pdf[citation needed].def 2013/10/10  (rcs-revision 1[citation needed].13)
)))
(/usr/share/texlive/texmf-dist/tex/generic/pgf/systemlayer/pgfsyssoftpath[citation needed].code[citation needed].
tex
File: pgfsyssoftpath[citation needed].code[citation needed].tex 2013/09/09  (rcs-revision 1[citation needed].9)
\pgfsyssoftpath@smallbuffer@items=\count111
\pgfsyssoftpath@bigbuffer@items=\count112
)
(/usr/share/texlive/texmf-dist/tex/generic/pgf/systemlayer/pgfsysprotocol[citation needed].code[citation needed].
tex
File: pgfsysprotocol[citation needed].code[citation needed].tex 2006/10/16  (rcs-revision 1[citation needed].4)
)) (/usr/share/texlive/texmf-dist/tex/latex/xcolor/xcolor[citation needed].sty
Package: xcolor 2016/05/11 v2[citation needed].12 LaTeX color extensions (UK)

(/usr/share/texlive/texmf-dist/tex/latex/graphics-cfg/color[citation needed].cfg
File: color[citation needed].cfg 2016/01/02 v1[citation needed].6 sample color configuration
)
Package xcolor Info: Driver file: pdftex[citation needed].def on input line 225[citation needed].
Package xcolor Info: Model `cmy' substituted by `cmy0' on input line 1348[citation needed].
Package xcolor Info: Model `hsb' substituted by `rgb' on input line 1352[citation needed].
Package xcolor Info: Model `RGB' extended on input line 1364[citation needed].
Package xcolor Info: Model `HTML' substituted by `rgb' on input line 1366[citation needed].
Package xcolor Info: Model `Hsb' substituted by `hsb' on input line 1367[citation needed].
Package xcolor Info: Model `tHsb' substituted by `hsb' on input line 1368[citation needed].
Package xcolor Info: Model `HSB' substituted by `hsb' on input line 1369[citation needed].
Package xcolor Info: Model `Gray' substituted by `gray' on input line 1370[citation needed].
Package xcolor Info: Model `wave' substituted by `hsb' on input line 1371[citation needed].
)
(/usr/share/texlive/texmf-dist/tex/generic/pgf/basiclayer/pgfcore[citation needed].code[citation needed].tex
Package: pgfcore 2010/04/11 v3[citation needed].0[citation needed].1a (rcs-revision 1[citation needed].7)

(/usr/share/texlive/texmf-dist/tex/generic/pgf/math/pgfmath[citation needed].code[citation needed].tex
(/usr/share/texlive/texmf-dist/tex/generic/pgf/math/pgfmathcalc[citation needed].code[citation needed].tex
(/usr/share/texlive/texmf-dist/tex/generic/pgf/math/pgfmathutil[citation needed].code[citation needed].tex)
(/usr/share/texlive/texmf-dist/tex/generic/pgf/math/pgfmathparser[citation needed].code[citation needed].tex
\pgfmath@dimen=\dimen138
\pgfmath@count=\count113
\pgfmath@box=\box35
\pgfmath@toks=\toks23
\pgfmath@stack@operand=\toks24
\pgfmath@stack@operation=\toks25
)
(/usr/share/texlive/texmf-dist/tex/generic/pgf/math/pgfmathfunctions[citation needed].code[citation needed].tex
(/usr/share/texlive/texmf-dist/tex/generic/pgf/math/pgfmathfunctions[citation needed].basic[citation needed].code
[citation needed].tex)
(/usr/share/texlive/texmf-dist/tex/generic/pgf/math/pgfmathfunctions[citation needed].trigonomet
ric[citation needed].code[citation needed].tex)
(/usr/share/texlive/texmf-dist/tex/generic/pgf/math/pgfmathfunctions[citation needed].random[citation needed].cod
e[citation needed].tex)
(/usr/share/texlive/texmf-dist/tex/generic/pgf/math/pgfmathfunctions[citation needed].comparison
[citation needed].code[citation needed].tex)
(/usr/share/texlive/texmf-dist/tex/generic/pgf/math/pgfmathfunctions[citation needed].base[citation needed].code[citation needed].
tex)
(/usr/share/texlive/texmf-dist/tex/generic/pgf/math/pgfmathfunctions[citation needed].round[citation needed].code
[citation needed].tex)
(/usr/share/texlive/texmf-dist/tex/generic/pgf/math/pgfmathfunctions[citation needed].misc[citation needed].code[citation needed].
tex)
(/usr/share/texlive/texmf-dist/tex/generic/pgf/math/pgfmathfunctions[citation needed].integerari
thmetics[citation needed].code[citation needed].tex)))
(/usr/share/texlive/texmf-dist/tex/generic/pgf/math/pgfmathfloat[citation needed].code[citation needed].tex
\c@pgfmathroundto@lastzeros=\count114
))
(/usr/share/texlive/texmf-dist/tex/generic/pgf/basiclayer/pgfcorepoints[citation needed].code[citation needed].te
x
File: pgfcorepoints[citation needed].code[citation needed].tex 2013/10/07  (rcs-revision 1[citation needed].27)
\pgf@picminx=\dimen139
\pgf@picmaxx=\dimen140
\pgf@picminy=\dimen141
\pgf@picmaxy=\dimen142
\pgf@pathminx=\dimen143
\pgf@pathmaxx=\dimen144
\pgf@pathminy=\dimen145
\pgf@pathmaxy=\dimen146
\pgf@xx=\dimen147
\pgf@xy=\dimen148
\pgf@yx=\dimen149
\pgf@yy=\dimen150
\pgf@zx=\dimen151
\pgf@zy=\dimen152
)
(/usr/share/texlive/texmf-dist/tex/generic/pgf/basiclayer/pgfcorepathconstruct[citation needed].
code[citation needed].tex
File: pgfcorepathconstruct[citation needed].code[citation needed].tex 2013/10/07  (rcs-revision 1[citation needed].29)
\pgf@path@lastx=\dimen153
\pgf@path@lasty=\dimen154
)
(/usr/share/texlive/texmf-dist/tex/generic/pgf/basiclayer/pgfcorepathusage[citation needed].code
[citation needed].tex
File: pgfcorepathusage[citation needed].code[citation needed].tex 2014/11/02  (rcs-revision 1[citation needed].24)
\pgf@shorten@end@additional=\dimen155
\pgf@shorten@start@additional=\dimen156
)
(/usr/share/texlive/texmf-dist/tex/generic/pgf/basiclayer/pgfcorescopes[citation needed].code[citation needed].te
x
File: pgfcorescopes[citation needed].code[citation needed].tex 2015/05/08  (rcs-revision 1[citation needed].46)
\pgfpic=\box36
\pgf@hbox=\box37
\pgf@layerbox@main=\box38
\pgf@picture@serial@count=\count115
)
(/usr/share/texlive/texmf-dist/tex/generic/pgf/basiclayer/pgfcoregraphicstate[citation needed].c
ode[citation needed].tex
File: pgfcoregraphicstate[citation needed].code[citation needed].tex 2014/11/02  (rcs-revision 1[citation needed].12)
\pgflinewidth=\dimen157
)
(/usr/share/texlive/texmf-dist/tex/generic/pgf/basiclayer/pgfcoretransformation
s[citation needed].code[citation needed].tex
File: pgfcoretransformations[citation needed].code[citation needed].tex 2015/08/07  (rcs-revision 1[citation needed].20)
\pgf@pt@x=\dimen158
\pgf@pt@y=\dimen159
\pgf@pt@temp=\dimen160
)
(/usr/share/texlive/texmf-dist/tex/generic/pgf/basiclayer/pgfcorequick[citation needed].code[citation needed].tex
File: pgfcorequick[citation needed].code[citation needed].tex 2008/10/09  (rcs-revision 1[citation needed].3)
)
(/usr/share/texlive/texmf-dist/tex/generic/pgf/basiclayer/pgfcoreobjects[citation needed].code[citation needed].t
ex
File: pgfcoreobjects[citation needed].code[citation needed].tex 2006/10/11  (rcs-revision 1[citation needed].2)
)
(/usr/share/texlive/texmf-dist/tex/generic/pgf/basiclayer/pgfcorepathprocessing
[citation needed].code[citation needed].tex
File: pgfcorepathprocessing[citation needed].code[citation needed].tex 2013/09/09  (rcs-revision 1[citation needed].9)
)
(/usr/share/texlive/texmf-dist/tex/generic/pgf/basiclayer/pgfcorearrows[citation needed].code[citation needed].te
x
File: pgfcorearrows[citation needed].code[citation needed].tex 2015/05/14  (rcs-revision 1[citation needed].43)
\pgfarrowsep=\dimen161
)
(/usr/share/texlive/texmf-dist/tex/generic/pgf/basiclayer/pgfcoreshade[citation needed].code[citation needed].tex
File: pgfcoreshade[citation needed].code[citation needed].tex 2013/07/15  (rcs-revision 1[citation needed].15)
\pgf@max=\dimen162
\pgf@sys@shading@range@num=\count116
)
(/usr/share/texlive/texmf-dist/tex/generic/pgf/basiclayer/pgfcoreimage[citation needed].code[citation needed].tex
File: pgfcoreimage[citation needed].code[citation needed].tex 2013/07/15  (rcs-revision 1[citation needed].18)

(/usr/share/texlive/texmf-dist/tex/generic/pgf/basiclayer/pgfcoreexternal[citation needed].code[citation needed].
tex
File: pgfcoreexternal[citation needed].code[citation needed].tex 2014/07/09  (rcs-revision 1[citation needed].21)
\pgfexternal@startupbox=\box39
))
(/usr/share/texlive/texmf-dist/tex/generic/pgf/basiclayer/pgfcorelayers[citation needed].code[citation needed].te
x
File: pgfcorelayers[citation needed].code[citation needed].tex 2013/07/18  (rcs-revision 1[citation needed].7)
)
(/usr/share/texlive/texmf-dist/tex/generic/pgf/basiclayer/pgfcoretransparency[citation needed].c
ode[citation needed].tex
File: pgfcoretransparency[citation needed].code[citation needed].tex 2013/09/30  (rcs-revision 1[citation needed].5)
)
(/usr/share/texlive/texmf-dist/tex/generic/pgf/basiclayer/pgfcorepatterns[citation needed].code[citation needed].
tex
File: pgfcorepatterns[citation needed].code[citation needed].tex 2013/11/07  (rcs-revision 1[citation needed].5)
))) (/usr/share/texlive/texmf-dist/tex/latex/pgf/utilities/xxcolor[citation needed].sty
Package: xxcolor 2003/10/24 ver 0[citation needed].1
\XC@nummixins=\count117
\XC@countmixins=\count118
)
(/usr/share/texlive/texmf-dist/tex/generic/oberdiek/atbegshi[citation needed].sty
Package: atbegshi 2016/06/09 v1[citation needed].18 At begin shipout hook (HO)

(/usr/share/texlive/texmf-dist/tex/generic/oberdiek/infwarerr[citation needed].sty
Package: infwarerr 2016/05/16 v1[citation needed].4 Providing info/warning/error messages (HO)
)
(/usr/share/texlive/texmf-dist/tex/generic/oberdiek/ltxcmds[citation needed].sty
Package: ltxcmds 2016/05/16 v1[citation needed].23 LaTeX kernel commands for general use (HO)
))
(/usr/share/texlive/texmf-dist/tex/latex/hyperref/hyperref[citation needed].sty
Package: hyperref 2018/02/06 v6[citation needed].86b Hypertext links for LaTeX

(/usr/share/texlive/texmf-dist/tex/generic/oberdiek/hobsub-hyperref[citation needed].sty
Package: hobsub-hyperref 2016/05/16 v1[citation needed].14 Bundle oberdiek, subset hyperref (HO)


(/usr/share/texlive/texmf-dist/tex/generic/oberdiek/hobsub-generic[citation needed].sty
Package: hobsub-generic 2016/05/16 v1[citation needed].14 Bundle oberdiek, subset generic (HO)
Package: hobsub 2016/05/16 v1[citation needed].14 Construct package bundles (HO)
Package hobsub Info: Skipping package `infwarerr' (already loaded)[citation needed].
Package hobsub Info: Skipping package `ltxcmds' (already loaded)[citation needed].
Package: ifluatex 2016/05/16 v1[citation needed].4 Provides the ifluatex switch (HO)
Package ifluatex Info: LuaTeX not detected[citation needed].
Package hobsub Info: Skipping package `ifvtex' (already loaded)[citation needed].
Package: intcalc 2016/05/16 v1[citation needed].2 Expandable calculations with integers (HO)
Package hobsub Info: Skipping package `ifpdf' (already loaded)[citation needed].
Package: etexcmds 2016/05/16 v1[citation needed].6 Avoid name clashes with e-TeX commands (HO)
Package etexcmds Info: Could not find \expanded[citation needed].
(etexcmds)             That can mean that you are not using pdfTeX 1[citation needed].50 or
(etexcmds)             that some package has redefined \expanded[citation needed].
(etexcmds)             In the latter case, load this package earlier[citation needed].
Package: kvsetkeys 2016/05/16 v1[citation needed].17 Key value parser (HO)
Package: kvdefinekeys 2016/05/16 v1[citation needed].4 Define keys (HO)
Package: pdftexcmds 2018/01/21 v0[citation needed].26 Utility functions of pdfTeX for LuaTeX (HO
)
Package pdftexcmds Info: LuaTeX not detected[citation needed].
Package pdftexcmds Info: \pdf@primitive is available[citation needed].
Package pdftexcmds Info: \pdf@ifprimitive is available[citation needed].
Package pdftexcmds Info: \pdfdraftmode found[citation needed].
Package: pdfescape 2016/05/16 v1[citation needed].14 Implements pdfTeX's escape features (HO)
Package: bigintcalc 2016/05/16 v1[citation needed].4 Expandable calculations on big integers (HO
)
Package: bitset 2016/05/16 v1[citation needed].2 Handle bit-vector datatype (HO)
Package: uniquecounter 2016/05/16 v1[citation needed].3 Provide unlimited unique counter (HO)
)
Package hobsub Info: Skipping package `hobsub' (already loaded)[citation needed].
Package: letltxmacro 2016/05/16 v1[citation needed].5 Let assignment for LaTeX macros (HO)
Package: hopatch 2016/05/16 v1[citation needed].3 Wrapper for package hooks (HO)
Package: xcolor-patch 2016/05/16 xcolor patch
Package: atveryend 2016/05/16 v1[citation needed].9 Hooks at the very end of document (HO)
Package hobsub Info: Skipping package `atbegshi' (already loaded)[citation needed].
Package: refcount 2016/05/16 v3[citation needed].5 Data extraction from label references (HO)
Package: hycolor 2016/05/16 v1[citation needed].8 Color options for hyperref/bookmark (HO)
)
(/usr/share/texlive/texmf-dist/tex/latex/oberdiek/auxhook[citation needed].sty
Package: auxhook 2016/05/16 v1[citation needed].4 Hooks for auxiliary files (HO)
)
(/usr/share/texlive/texmf-dist/tex/latex/oberdiek/kvoptions[citation needed].sty
Package: kvoptions 2016/05/16 v3[citation needed].12 Key value format for package options (HO)
)
\@linkdim=\dimen163
\Hy@linkcounter=\count119
\Hy@pagecounter=\count120

(/usr/share/texlive/texmf-dist/tex/latex/hyperref/pd1enc[citation needed].def
File: pd1enc[citation needed].def 2018/02/06 v6[citation needed].86b Hyperref: PDFDocEncoding definition (HO)
)
\Hy@SavedSpaceFactor=\count121

(/usr/share/texlive/texmf-dist/tex/latex/latexconfig/hyperref[citation needed].cfg
File: hyperref[citation needed].cfg 2002/06/06 v1[citation needed].2 hyperref configuration of TeXLive
)
Package hyperref Info: Option `bookmarks' set `true' on input line 4383[citation needed].
Package hyperref Info: Option `bookmarksopen' set `true' on input line 4383[citation needed].
Package hyperref Info: Option `implicit' set `false' on input line 4383[citation needed].
Package hyperref Info: Hyper figures OFF on input line 4509[citation needed].
Package hyperref Info: Link nesting OFF on input line 4514[citation needed].
Package hyperref Info: Hyper index ON on input line 4517[citation needed].
Package hyperref Info: Plain pages OFF on input line 4524[citation needed].
Package hyperref Info: Backreferencing OFF on input line 4529[citation needed].
Package hyperref Info: Implicit mode OFF; no redefinition of LaTeX internals[citation needed].
Package hyperref Info: Bookmarks ON on input line 4762[citation needed].
\c@Hy@tempcnt=\count122

(/usr/share/texlive/texmf-dist/tex/latex/url/url[citation needed].sty
\Urlmuskip=\muskip10
Package: url 2013/09/16  ver 3[citation needed].4  Verb mode for urls, etc[citation needed].
)
LaTeX Info: Redefining \url on input line 5115[citation needed].
\XeTeXLinkMargin=\dimen164
\Fld@menulength=\count123
\Field@Width=\dimen165
\Fld@charsize=\dimen166
Package hyperref Info: Hyper figures OFF on input line 6369[citation needed].
Package hyperref Info: Link nesting OFF on input line 6374[citation needed].
Package hyperref Info: Hyper index ON on input line 6377[citation needed].
Package hyperref Info: backreferencing OFF on input line 6384[citation needed].
Package hyperref Info: Link coloring OFF on input line 6389[citation needed].
Package hyperref Info: Link coloring with OCG OFF on input line 6394[citation needed].
Package hyperref Info: PDF/A mode OFF on input line 6399[citation needed].
LaTeX Info: Redefining \ref on input line 6439[citation needed].
LaTeX Info: Redefining \pageref on input line 6443[citation needed].
\Hy@abspage=\count124


Package hyperref Message: Stopped early[citation needed].

)
Package hyperref Info: Driver (autodetected): hpdftex[citation needed].
 (/usr/share/texlive/texmf-dist/tex/latex/hyperref/hpdftex[citation needed].def
File: hpdftex[citation needed].def 2018/02/06 v6[citation needed].86b Hyperref driver for pdfTeX
\Fld@listcount=\count125
\c@bookmark@seq@number=\count126

(/usr/share/texlive/texmf-dist/tex/latex/oberdiek/rerunfilecheck[citation needed].sty
Package: rerunfilecheck 2016/05/16 v1[citation needed].8 Rerun checks for auxiliary files (HO)
Package uniquecounter Info: New unique counter `rerunfilecheck' on input line 2
82[citation needed].
))
(/usr/share/texlive/texmf-dist/tex/latex/beamer/beamerbaserequires[citation needed].sty
(/usr/share/texlive/texmf-dist/tex/latex/beamer/beamerbasecompatibility[citation needed].sty)
(/usr/share/texlive/texmf-dist/tex/latex/beamer/beamerbasefont[citation needed].sty
(/usr/share/texlive/texmf-dist/tex/latex/amsfonts/amssymb[citation needed].sty
Package: amssymb 2013/01/14 v3[citation needed].01 AMS font symbols

(/usr/share/texlive/texmf-dist/tex/latex/amsfonts/amsfonts[citation needed].sty
Package: amsfonts 2013/01/14 v3[citation needed].01 Basic AMSFonts support
\@emptytoks=\toks26
\symAMSa=\mathgroup4
\symAMSb=\mathgroup5
LaTeX Font Info:    Overwriting math alphabet `\mathfrak' in version `bold'
(Font)                  U/euf/m/n --> U/euf/b/n on input line 106[citation needed].
))
(/usr/share/texlive/texmf-dist/tex/latex/sansmathaccent/sansmathaccent[citation needed].sty
Package: sansmathaccent 2013/03/28

(/usr/share/texlive/texmf-dist/tex/latex/filehook/filehook[citation needed].sty
Package: filehook 2011/10/12 v0[citation needed].5d Hooks for input files
)))
(/usr/share/texlive/texmf-dist/tex/latex/beamer/beamerbasetranslator[citation needed].sty
(/usr/share/texlive/texmf-dist/tex/latex/translator/translator[citation needed].sty
Package: translator 2018/01/04 v1[citation needed].12 Easy translation of strings in LaTeX
))
(/usr/share/texlive/texmf-dist/tex/latex/beamer/beamerbasemisc[citation needed].sty)
(/usr/share/texlive/texmf-dist/tex/latex/beamer/beamerbasetwoscreens[citation needed].sty)
(/usr/share/texlive/texmf-dist/tex/latex/beamer/beamerbaseoverlay[citation needed].sty
\beamer@argscount=\count127
\beamer@lastskipcover=\skip44
\beamer@trivlistdepth=\count128
)
(/usr/share/texlive/texmf-dist/tex/latex/beamer/beamerbasetitle[citation needed].sty)
(/usr/share/texlive/texmf-dist/tex/latex/beamer/beamerbasesection[citation needed].sty
\c@lecture=\count129
\c@part=\count130
\c@section=\count131
\c@subsection=\count132
\c@subsubsection=\count133
)
(/usr/share/texlive/texmf-dist/tex/latex/beamer/beamerbaseframe[citation needed].sty
\beamer@framebox=\box40
\beamer@frametitlebox=\box41
\beamer@zoombox=\box42
\beamer@zoomcount=\count134
\beamer@zoomframecount=\count135
\beamer@frametextheight=\dimen167
\c@subsectionslide=\count136
\beamer@frametopskip=\skip45
\beamer@framebottomskip=\skip46
\beamer@frametopskipautobreak=\skip47
\beamer@framebottomskipautobreak=\skip48
\beamer@envbody=\toks27
\framewidth=\dimen168
\c@framenumber=\count137
)
(/usr/share/texlive/texmf-dist/tex/latex/beamer/beamerbaseverbatim[citation needed].sty
\beamer@verbatimfileout=\write4
)
(/usr/share/texlive/texmf-dist/tex/latex/beamer/beamerbaseframesize[citation needed].sty
\beamer@splitbox=\box43
\beamer@autobreakcount=\count138
\beamer@autobreaklastheight=\dimen169
\beamer@frametitletoks=\toks28
\beamer@framesubtitletoks=\toks29
)
(/usr/share/texlive/texmf-dist/tex/latex/beamer/beamerbaseframecomponents[citation needed].sty
\beamer@footins=\box44
)
(/usr/share/texlive/texmf-dist/tex/latex/beamer/beamerbasecolor[citation needed].sty
\beamer@bg@ht=\dimen170
\beamer@bg@wd=\dimen171
\beamer@bg@dp=\dimen172
)
(/usr/share/texlive/texmf-dist/tex/latex/beamer/beamerbasenotes[citation needed].sty
\beamer@frameboxcopy=\box45
)
(/usr/share/texlive/texmf-dist/tex/latex/beamer/beamerbasetoc[citation needed].sty)
(/usr/share/texlive/texmf-dist/tex/latex/beamer/beamerbasetemplates[citation needed].sty
\beamer@sbttoks=\toks30

(/usr/share/texlive/texmf-dist/tex/latex/beamer/beamerbaseauxtemplates[citation needed].sty
(/usr/share/texlive/texmf-dist/tex/latex/beamer/beamerbaseboxes[citation needed].sty
\bmb@box=\box46
\bmb@colorbox=\box47
\bmb@boxshadow=\box48
\bmb@boxshadowball=\box49
\bmb@boxshadowballlarge=\box50
\bmb@temp=\dimen173
\bmb@dima=\dimen174
\bmb@dimb=\dimen175
\bmb@prevheight=\dimen176
)
\beamer@blockheadheight=\dimen177
))
(/usr/share/texlive/texmf-dist/tex/latex/beamer/beamerbaselocalstructure[citation needed].sty
(/usr/share/texlive/texmf-dist/tex/latex/tools/enumerate[citation needed].sty
Package: enumerate 2015/07/23 v3[citation needed].00 enumerate extensions (DPC)
\@enLab=\toks31
)
\c@figure=\count139
\c@table=\count140
\abovecaptionskip=\skip49
\belowcaptionskip=\skip50
)
(/usr/share/texlive/texmf-dist/tex/latex/beamer/beamerbasenavigation[citation needed].sty
\beamer@section@min@dim=\dimen178
)
(/usr/share/texlive/texmf-dist/tex/latex/beamer/beamerbasetheorems[citation needed].sty
(/usr/share/texlive/texmf-dist/tex/latex/amsmath/amsmath[citation needed].sty
Package: amsmath 2017/09/02 v2[citation needed].17a AMS math features
\@mathmargin=\skip51

For additional information on amsmath, use the `?' option[citation needed].
(/usr/share/texlive/texmf-dist/tex/latex/amsmath/amstext[citation needed].sty
Package: amstext 2000/06/29 v2[citation needed].01 AMS text

(/usr/share/texlive/texmf-dist/tex/latex/amsmath/amsgen[citation needed].sty
File: amsgen[citation needed].sty 1999/11/30 v2[citation needed].0 generic functions
\@emptytoks=\toks32
\ex@=\dimen179
))
(/usr/share/texlive/texmf-dist/tex/latex/amsmath/amsbsy[citation needed].sty
Package: amsbsy 1999/11/29 v1[citation needed].2d Bold Symbols
\pmbraise@=\dimen180
)
(/usr/share/texlive/texmf-dist/tex/latex/amsmath/amsopn[citation needed].sty
Package: amsopn 2016/03/08 v2[citation needed].02 operator names
)
\inf@bad=\count141
LaTeX Info: Redefining \frac on input line 213[citation needed].
\uproot@=\count142
\leftroot@=\count143
LaTeX Info: Redefining \overline on input line 375[citation needed].
\classnum@=\count144
\DOTSCASE@=\count145
LaTeX Info: Redefining \ldots on input line 472[citation needed].
LaTeX Info: Redefining \dots on input line 475[citation needed].
LaTeX Info: Redefining \cdots on input line 596[citation needed].
\Mathstrutbox@=\box51
\strutbox@=\box52
\big@size=\dimen181
LaTeX Font Info:    Redeclaring font encoding OML on input line 712[citation needed].
LaTeX Font Info:    Redeclaring font encoding OMS on input line 713[citation needed].
\macc@depth=\count146
\c@MaxMatrixCols=\count147
\dotsspace@=\muskip11
\c@parentequation=\count148
\dspbrk@lvl=\count149
\tag@help=\toks33
\row@=\count150
\column@=\count151
\maxfields@=\count152
\andhelp@=\toks34
\eqnshift@=\dimen182
\alignsep@=\dimen183
\tagshift@=\dimen184
\tagwidth@=\dimen185
\totwidth@=\dimen186
\lineht@=\dimen187
\@envbody=\toks35
\multlinegap=\skip52
\multlinetaggap=\skip53
\mathdisplay@stack=\toks36
LaTeX Info: Redefining \[ on input line 2817[citation needed].
LaTeX Info: Redefining \] on input line 2818[citation needed].
)
(/usr/share/texlive/texmf-dist/tex/latex/amscls/amsthm[citation needed].sty
Package: amsthm 2017/10/31 v2[citation needed].20[citation needed].4
\thm@style=\toks37
\thm@bodyfont=\toks38
\thm@headfont=\toks39
\thm@notefont=\toks40
\thm@headpunct=\toks41
\thm@preskip=\skip54
\thm@postskip=\skip55
\thm@headsep=\skip56
\dth@everypar=\toks42
)
\c@theorem=\count153
)
(/usr/share/texlive/texmf-dist/tex/latex/beamer/beamerbasethemes[citation needed].sty))
(/usr/share/texlive/texmf-dist/tex/latex/beamer/beamerthemedefault[citation needed].sty
(/usr/share/texlive/texmf-dist/tex/latex/beamer/beamerfontthemedefault[citation needed].sty)
(/usr/share/texlive/texmf-dist/tex/latex/beamer/beamercolorthemedefault[citation needed].sty)
(/usr/share/texlive/texmf-dist/tex/latex/beamer/beamerinnerthemedefault[citation needed].sty
\beamer@dima=\dimen188
\beamer@dimb=\dimen189
)
(/usr/share/texlive/texmf-dist/tex/latex/beamer/beamerouterthemedefault[citation needed].sty)))
(/usr/share/texlive/texmf-dist/tex/latex/beamer/beamerthemeDresden[citation needed].sty
(/usr/share/texlive/texmf-dist/tex/latex/beamer/beamerouterthememiniframes[citation needed].sty)
(/usr/share/texlive/texmf-dist/tex/latex/beamer/beamercolorthemewhale[citation needed].sty))
(/usr/share/texlive/texmf-dist/tex/latex/base/inputenc[citation needed].sty
Package: inputenc 2015/03/17 v1[citation needed].2c Input encoding file
\inpenc@prehook=\toks43
\inpenc@posthook=\toks44

(/usr/share/texlive/texmf-dist/tex/latex/base/utf8[citation needed].def
File: utf8[citation needed].def 2017/01/28 v1[citation needed].1t UTF-8 support for inputenc
Now handling font encoding OML [citation needed].[citation needed].[citation needed].
[citation needed].[citation needed].[citation needed]. no UTF-8 mapping file for font encoding OML
Now handling font encoding T1 [citation needed].[citation needed].[citation needed].
[citation needed].[citation needed].[citation needed]. processing UTF-8 mapping file for font encoding T1

(/usr/share/texlive/texmf-dist/tex/latex/base/t1enc[citation needed].dfu
File: t1enc[citation needed].dfu 2017/01/28 v1[citation needed].1t UTF-8 support for inputenc
   defining Unicode char U+00A0 (decimal 160)
   defining Unicode char U+00A1 (decimal 161)
   defining Unicode char U+00A3 (decimal 163)
   defining Unicode char U+00AB (decimal 171)
   defining Unicode char U+00AD (decimal 173)
   defining Unicode char U+00BB (decimal 187)
   defining Unicode char U+00BF (decimal 191)
   defining Unicode char U+00C0 (decimal 192)
   defining Unicode char U+00C1 (decimal 193)
   defining Unicode char U+00C2 (decimal 194)
   defining Unicode char U+00C3 (decimal 195)
   defining Unicode char U+00C4 (decimal 196)
   defining Unicode char U+00C5 (decimal 197)
   defining Unicode char U+00C6 (decimal 198)
   defining Unicode char U+00C7 (decimal 199)
   defining Unicode char U+00C8 (decimal 200)
   defining Unicode char U+00C9 (decimal 201)
   defining Unicode char U+00CA (decimal 202)
   defining Unicode char U+00CB (decimal 203)
   defining Unicode char U+00CC (decimal 204)
   defining Unicode char U+00CD (decimal 205)
   defining Unicode char U+00CE (decimal 206)
   defining Unicode char U+00CF (decimal 207)
   defining Unicode char U+00D0 (decimal 208)
   defining Unicode char U+00D1 (decimal 209)
   defining Unicode char U+00D2 (decimal 210)
   defining Unicode char U+00D3 (decimal 211)
   defining Unicode char U+00D4 (decimal 212)
   defining Unicode char U+00D5 (decimal 213)
   defining Unicode char U+00D6 (decimal 214)
   defining Unicode char U+00D8 (decimal 216)
   defining Unicode char U+00D9 (decimal 217)
   defining Unicode char U+00DA (decimal 218)
   defining Unicode char U+00DB (decimal 219)
   defining Unicode char U+00DC (decimal 220)
   defining Unicode char U+00DD (decimal 221)
   defining Unicode char U+00DE (decimal 222)
   defining Unicode char U+00DF (decimal 223)
   defining Unicode char U+00E0 (decimal 224)
   defining Unicode char U+00E1 (decimal 225)
   defining Unicode char U+00E2 (decimal 226)
   defining Unicode char U+00E3 (decimal 227)
   defining Unicode char U+00E4 (decimal 228)
   defining Unicode char U+00E5 (decimal 229)
   defining Unicode char U+00E6 (decimal 230)
   defining Unicode char U+00E7 (decimal 231)
   defining Unicode char U+00E8 (decimal 232)
   defining Unicode char U+00E9 (decimal 233)
   defining Unicode char U+00EA (decimal 234)
   defining Unicode char U+00EB (decimal 235)
   defining Unicode char U+00EC (decimal 236)
   defining Unicode char U+00ED (decimal 237)
   defining Unicode char U+00EE (decimal 238)
   defining Unicode char U+00EF (decimal 239)
   defining Unicode char U+00F0 (decimal 240)
   defining Unicode char U+00F1 (decimal 241)
   defining Unicode char U+00F2 (decimal 242)
   defining Unicode char U+00F3 (decimal 243)
   defining Unicode char U+00F4 (decimal 244)
   defining Unicode char U+00F5 (decimal 245)
   defining Unicode char U+00F6 (decimal 246)
   defining Unicode char U+00F8 (decimal 248)
   defining Unicode char U+00F9 (decimal 249)
   defining Unicode char U+00FA (decimal 250)
   defining Unicode char U+00FB (decimal 251)
   defining Unicode char U+00FC (decimal 252)
   defining Unicode char U+00FD (decimal 253)
   defining Unicode char U+00FE (decimal 254)
   defining Unicode char U+00FF (decimal 255)
   defining Unicode char U+0100 (decimal 256)
   defining Unicode char U+0101 (decimal 257)
   defining Unicode char U+0102 (decimal 258)
   defining Unicode char U+0103 (decimal 259)
   defining Unicode char U+0104 (decimal 260)
   defining Unicode char U+0105 (decimal 261)
   defining Unicode char U+0106 (decimal 262)
   defining Unicode char U+0107 (decimal 263)
   defining Unicode char U+0108 (decimal 264)
   defining Unicode char U+0109 (decimal 265)
   defining Unicode char U+010A (decimal 266)
   defining Unicode char U+010B (decimal 267)
   defining Unicode char U+010C (decimal 268)
   defining Unicode char U+010D (decimal 269)
   defining Unicode char U+010E (decimal 270)
   defining Unicode char U+010F (decimal 271)
   defining Unicode char U+0110 (decimal 272)
   defining Unicode char U+0111 (decimal 273)
   defining Unicode char U+0112 (decimal 274)
   defining Unicode char U+0113 (decimal 275)
   defining Unicode char U+0114 (decimal 276)
   defining Unicode char U+0115 (decimal 277)
   defining Unicode char U+0116 (decimal 278)
   defining Unicode char U+0117 (decimal 279)
   defining Unicode char U+0118 (decimal 280)
   defining Unicode char U+0119 (decimal 281)
   defining Unicode char U+011A (decimal 282)
   defining Unicode char U+011B (decimal 283)
   defining Unicode char U+011C (decimal 284)
   defining Unicode char U+011D (decimal 285)
   defining Unicode char U+011E (decimal 286)
   defining Unicode char U+011F (decimal 287)
   defining Unicode char U+0120 (decimal 288)
   defining Unicode char U+0121 (decimal 289)
   defining Unicode char U+0122 (decimal 290)
   defining Unicode char U+0123 (decimal 291)
   defining Unicode char U+0124 (decimal 292)
   defining Unicode char U+0125 (decimal 293)
   defining Unicode char U+0128 (decimal 296)
   defining Unicode char U+0129 (decimal 297)
   defining Unicode char U+012A (decimal 298)
   defining Unicode char U+012B (decimal 299)
   defining Unicode char U+012C (decimal 300)
   defining Unicode char U+012D (decimal 301)
   defining Unicode char U+012E (decimal 302)
   defining Unicode char U+012F (decimal 303)
   defining Unicode char U+0130 (decimal 304)
   defining Unicode char U+0131 (decimal 305)
   defining Unicode char U+0132 (decimal 306)
   defining Unicode char U+0133 (decimal 307)
   defining Unicode char U+0134 (decimal 308)
   defining Unicode char U+0135 (decimal 309)
   defining Unicode char U+0136 (decimal 310)
   defining Unicode char U+0137 (decimal 311)
   defining Unicode char U+0139 (decimal 313)
   defining Unicode char U+013A (decimal 314)
   defining Unicode char U+013B (decimal 315)
   defining Unicode char U+013C (decimal 316)
   defining Unicode char U+013D (decimal 317)
   defining Unicode char U+013E (decimal 318)
   defining Unicode char U+0141 (decimal 321)
   defining Unicode char U+0142 (decimal 322)
   defining Unicode char U+0143 (decimal 323)
   defining Unicode char U+0144 (decimal 324)
   defining Unicode char U+0145 (decimal 325)
   defining Unicode char U+0146 (decimal 326)
   defining Unicode char U+0147 (decimal 327)
   defining Unicode char U+0148 (decimal 328)
   defining Unicode char U+014A (decimal 330)
   defining Unicode char U+014B (decimal 331)
   defining Unicode char U+014C (decimal 332)
   defining Unicode char U+014D (decimal 333)
   defining Unicode char U+014E (decimal 334)
   defining Unicode char U+014F (decimal 335)
   defining Unicode char U+0150 (decimal 336)
   defining Unicode char U+0151 (decimal 337)
   defining Unicode char U+0152 (decimal 338)
   defining Unicode char U+0153 (decimal 339)
   defining Unicode char U+0154 (decimal 340)
   defining Unicode char U+0155 (decimal 341)
   defining Unicode char U+0156 (decimal 342)
   defining Unicode char U+0157 (decimal 343)
   defining Unicode char U+0158 (decimal 344)
   defining Unicode char U+0159 (decimal 345)
   defining Unicode char U+015A (decimal 346)
   defining Unicode char U+015B (decimal 347)
   defining Unicode char U+015C (decimal 348)
   defining Unicode char U+015D (decimal 349)
   defining Unicode char U+015E (decimal 350)
   defining Unicode char U+015F (decimal 351)
   defining Unicode char U+0160 (decimal 352)
   defining Unicode char U+0161 (decimal 353)
   defining Unicode char U+0162 (decimal 354)
   defining Unicode char U+0163 (decimal 355)
   defining Unicode char U+0164 (decimal 356)
   defining Unicode char U+0165 (decimal 357)
   defining Unicode char U+0168 (decimal 360)
   defining Unicode char U+0169 (decimal 361)
   defining Unicode char U+016A (decimal 362)
   defining Unicode char U+016B (decimal 363)
   defining Unicode char U+016C (decimal 364)
   defining Unicode char U+016D (decimal 365)
   defining Unicode char U+016E (decimal 366)
   defining Unicode char U+016F (decimal 367)
   defining Unicode char U+0170 (decimal 368)
   defining Unicode char U+0171 (decimal 369)
   defining Unicode char U+0172 (decimal 370)
   defining Unicode char U+0173 (decimal 371)
   defining Unicode char U+0174 (decimal 372)
   defining Unicode char U+0175 (decimal 373)
   defining Unicode char U+0176 (decimal 374)
   defining Unicode char U+0177 (decimal 375)
   defining Unicode char U+0178 (decimal 376)
   defining Unicode char U+0179 (decimal 377)
   defining Unicode char U+017A (decimal 378)
   defining Unicode char U+017B (decimal 379)
   defining Unicode char U+017C (decimal 380)
   defining Unicode char U+017D (decimal 381)
   defining Unicode char U+017E (decimal 382)
   defining Unicode char U+01CD (decimal 461)
   defining Unicode char U+01CE (decimal 462)
   defining Unicode char U+01CF (decimal 463)
   defining Unicode char U+01D0 (decimal 464)
   defining Unicode char U+01D1 (decimal 465)
   defining Unicode char U+01D2 (decimal 466)
   defining Unicode char U+01D3 (decimal 467)
   defining Unicode char U+01D4 (decimal 468)
   defining Unicode char U+01E2 (decimal 482)
   defining Unicode char U+01E3 (decimal 483)
   defining Unicode char U+01E6 (decimal 486)
   defining Unicode char U+01E7 (decimal 487)
   defining Unicode char U+01E8 (decimal 488)
   defining Unicode char U+01E9 (decimal 489)
   defining Unicode char U+01EA (decimal 490)
   defining Unicode char U+01EB (decimal 491)
   defining Unicode char U+01F0 (decimal 496)
   defining Unicode char U+01F4 (decimal 500)
   defining Unicode char U+01F5 (decimal 501)
   defining Unicode char U+0218 (decimal 536)
   defining Unicode char U+0219 (decimal 537)
   defining Unicode char U+021A (decimal 538)
   defining Unicode char U+021B (decimal 539)
   defining Unicode char U+0232 (decimal 562)
   defining Unicode char U+0233 (decimal 563)
   defining Unicode char U+1E02 (decimal 7682)
   defining Unicode char U+1E03 (decimal 7683)
   defining Unicode char U+200C (decimal 8204)
   defining Unicode char U+2010 (decimal 8208)
   defining Unicode char U+2011 (decimal 8209)
   defining Unicode char U+2012 (decimal 8210)
   defining Unicode char U+2013 (decimal 8211)
   defining Unicode char U+2014 (decimal 8212)
   defining Unicode char U+2015 (decimal 8213)
   defining Unicode char U+2018 (decimal 8216)
   defining Unicode char U+2019 (decimal 8217)
   defining Unicode char U+201A (decimal 8218)
   defining Unicode char U+201C (decimal 8220)
   defining Unicode char U+201D (decimal 8221)
   defining Unicode char U+201E (decimal 8222)
   defining Unicode char U+2030 (decimal 8240)
   defining Unicode char U+2031 (decimal 8241)
   defining Unicode char U+2039 (decimal 8249)
   defining Unicode char U+203A (decimal 8250)
   defining Unicode char U+2423 (decimal 9251)
   defining Unicode char U+1E20 (decimal 7712)
   defining Unicode char U+1E21 (decimal 7713)
)
Now handling font encoding OT1 [citation needed].[citation needed].[citation needed].
[citation needed].[citation needed].[citation needed]. processing UTF-8 mapping file for font encoding OT1

(/usr/share/texlive/texmf-dist/tex/latex/base/ot1enc[citation needed].dfu
File: ot1enc[citation needed].dfu 2017/01/28 v1[citation needed].1t UTF-8 support for inputenc
   defining Unicode char U+00A0 (decimal 160)
   defining Unicode char U+00A1 (decimal 161)
   defining Unicode char U+00A3 (decimal 163)
   defining Unicode char U+00AD (decimal 173)
   defining Unicode char U+00B8 (decimal 184)
   defining Unicode char U+00BF (decimal 191)
   defining Unicode char U+00C5 (decimal 197)
   defining Unicode char U+00C6 (decimal 198)
   defining Unicode char U+00D8 (decimal 216)
   defining Unicode char U+00DF (decimal 223)
   defining Unicode char U+00E6 (decimal 230)
   defining Unicode char U+00EC (decimal 236)
   defining Unicode char U+00ED (decimal 237)
   defining Unicode char U+00EE (decimal 238)
   defining Unicode char U+00EF (decimal 239)
   defining Unicode char U+00F8 (decimal 248)
   defining Unicode char U+0131 (decimal 305)
   defining Unicode char U+0141 (decimal 321)
   defining Unicode char U+0142 (decimal 322)
   defining Unicode char U+0152 (decimal 338)
   defining Unicode char U+0153 (decimal 339)
   defining Unicode char U+0174 (decimal 372)
   defining Unicode char U+0175 (decimal 373)
   defining Unicode char U+0176 (decimal 374)
   defining Unicode char U+0177 (decimal 375)
   defining Unicode char U+0218 (decimal 536)
   defining Unicode char U+0219 (decimal 537)
   defining Unicode char U+021A (decimal 538)
   defining Unicode char U+021B (decimal 539)
   defining Unicode char U+2013 (decimal 8211)
   defining Unicode char U+2014 (decimal 8212)
   defining Unicode char U+2018 (decimal 8216)
   defining Unicode char U+2019 (decimal 8217)
   defining Unicode char U+201C (decimal 8220)
   defining Unicode char U+201D (decimal 8221)
)
Now handling font encoding OMS [citation needed].[citation needed].[citation needed].
[citation needed].[citation needed].[citation needed]. processing UTF-8 mapping file for font encoding OMS

(/usr/share/texlive/texmf-dist/tex/latex/base/omsenc[citation needed].dfu
File: omsenc[citation needed].dfu 2017/01/28 v1[citation needed].1t UTF-8 support for inputenc
   defining Unicode char U+00A7 (decimal 167)
   defining Unicode char U+00B6 (decimal 182)
   defining Unicode char U+00B7 (decimal 183)
   defining Unicode char U+2020 (decimal 8224)
   defining Unicode char U+2021 (decimal 8225)
   defining Unicode char U+2022 (decimal 8226)
)
Now handling font encoding OMX [citation needed].[citation needed].[citation needed].
[citation needed].[citation needed].[citation needed]. no UTF-8 mapping file for font encoding OMX
Now handling font encoding U [citation needed].[citation needed].[citation needed].
[citation needed].[citation needed].[citation needed]. no UTF-8 mapping file for font encoding U
Now handling font encoding PD1 [citation needed].[citation needed].[citation needed].
[citation needed].[citation needed].[citation needed]. no UTF-8 mapping file for font encoding PD1
   defining Unicode char U+00A9 (decimal 169)
   defining Unicode char U+00AA (decimal 170)
   defining Unicode char U+00AE (decimal 174)
   defining Unicode char U+00BA (decimal 186)
   defining Unicode char U+02C6 (decimal 710)
   defining Unicode char U+02DC (decimal 732)
   defining Unicode char U+200C (decimal 8204)
   defining Unicode char U+2026 (decimal 8230)
   defining Unicode char U+2122 (decimal 8482)
   defining Unicode char U+2423 (decimal 9251)
))
(/usr/share/texlive/texmf-dist/tex/latex/listings/listings[citation needed].sty
\lst@mode=\count154
\lst@gtempboxa=\box53
\lst@token=\toks45
\lst@length=\count155
\lst@currlwidth=\dimen190
\lst@column=\count156
\lst@pos=\count157
\lst@lostspace=\dimen191
\lst@width=\dimen192
\lst@newlines=\count158
\lst@lineno=\count159
\lst@maxwidth=\dimen193

(/usr/share/texlive/texmf-dist/tex/latex/listings/lstmisc[citation needed].sty
File: lstmisc[citation needed].sty 2015/06/04 1[citation needed].6 (Carsten Heinz)
\c@lstnumber=\count160
\lst@skipnumbers=\count161
\lst@framebox=\box54
)
(/usr/share/texlive/texmf-dist/tex/latex/listings/listings[citation needed].cfg
File: listings[citation needed].cfg 2015/06/04 1[citation needed].6 listings configuration
))
Package: listings 2015/06/04 1[citation needed].6 (Carsten Heinz)

(/usr/share/texlive/texmf-dist/tex/latex/tools/verbatim[citation needed].sty
Package: verbatim 2014/10/28 v1[citation needed].5q LaTeX2e package for verbatim enhancements
\every@verbatim=\toks46
\verbatim@line=\toks47
\verbatim@in@stream=\read2
)
(/usr/share/texlive/texmf-dist/tex/latex/beamer/beamercolorthemestructure[citation needed].sty)
([citation needed]./Topic 2 - Version Control[citation needed].aux)
\openout1 = `"Topic 2 - Version Control[citation needed].aux"'[citation needed].

LaTeX Font Info:    Checking defaults for OML/cmm/m/it on input line 55[citation needed].
LaTeX Font Info:    [citation needed].[citation needed].[citation needed]. okay on input line 55[citation needed].
LaTeX Font Info:    Checking defaults for T1/cmr/m/n on input line 55[citation needed].
LaTeX Font Info:    [citation needed].[citation needed].[citation needed]. okay on input line 55[citation needed].
LaTeX Font Info:    Checking defaults for OT1/cmr/m/n on input line 55[citation needed].
LaTeX Font Info:    [citation needed].[citation needed].[citation needed]. okay on input line 55[citation needed].
LaTeX Font Info:    Checking defaults for OMS/cmsy/m/n on input line 55[citation needed].
LaTeX Font Info:    [citation needed].[citation needed].[citation needed]. okay on input line 55[citation needed].
LaTeX Font Info:    Checking defaults for OMX/cmex/m/n on input line 55[citation needed].
LaTeX Font Info:    [citation needed].[citation needed].[citation needed]. okay on input line 55[citation needed].
LaTeX Font Info:    Checking defaults for U/cmr/m/n on input line 55[citation needed].
LaTeX Font Info:    [citation needed].[citation needed].[citation needed]. okay on input line 55[citation needed].
LaTeX Font Info:    Checking defaults for PD1/pdf/m/n on input line 55[citation needed].
LaTeX Font Info:    [citation needed].[citation needed].[citation needed]. okay on input line 55[citation needed].

*geometry* driver: auto-detecting
*geometry* detected driver: pdftex
*geometry* verbose mode - [ preamble ] result:
* driver: pdftex
* paper: custom
* layout: <same size as paper>
* layoutoffset:(h,v)=(0[citation needed].0pt,0[citation needed].0pt)
* modes: includehead includefoot 
* h-part:(L,W,R)=(28[citation needed].45274pt, 307[citation needed].28987pt, 28[citation needed].45274pt)
* v-part:(T,H,B)=(0[citation needed].0pt, 273[citation needed].14662pt, 0[citation needed].0pt)
* \paperwidth=364[citation needed].19536pt
* \paperheight=273[citation needed].14662pt
* \textwidth=307[citation needed].28987pt
* \textheight=244[citation needed].6939pt
* \oddsidemargin=-43[citation needed].81725pt
* \evensidemargin=-43[citation needed].81725pt
* \topmargin=-72[citation needed].26999pt
* \headheight=14[citation needed].22636pt
* \headsep=0[citation needed].0pt
* \topskip=11[citation needed].0pt
* \footskip=14[citation needed].22636pt
* \marginparwidth=4[citation needed].0pt
* \marginparsep=10[citation needed].0pt
* \columnsep=10[citation needed].0pt
* \skip\footins=10[citation needed].0pt plus 4[citation needed].0pt minus 2[citation needed].0pt
* \hoffset=0[citation needed].0pt
* \voffset=0[citation needed].0pt
* \mag=1000
* \@twocolumnfalse
* \@twosidefalse
* \@mparswitchfalse
* \@reversemarginfalse
* (1in=72[citation needed].27pt=25[citation needed].4mm, 1cm=28[citation needed].453pt)

(/usr/share/texlive/texmf-dist/tex/context/base/mkii/supp-pdf[citation needed].mkii
[Loading MPS to PDF converter (version 2006[citation needed].09[citation needed].02)[citation needed].]
\scratchcounter=\count162
\scratchdimen=\dimen194
\scratchbox=\box55
\nofMPsegments=\count163
\nofMParguments=\count164
\everyMPshowfont=\toks48
\MPscratchCnt=\count165
\MPscratchDim=\dimen195
\MPnumerator=\count166
\makeMPintoPDFobject=\count167
\everyMPtoPDFconversion=\toks49
) (/usr/share/texlive/texmf-dist/tex/latex/oberdiek/epstopdf-base[citation needed].sty
Package: epstopdf-base 2016/05/15 v2[citation needed].6 Base part for package epstopdf

(/usr/share/texlive/texmf-dist/tex/latex/oberdiek/grfext[citation needed].sty
Package: grfext 2016/05/16 v1[citation needed].2 Manage graphics extensions (HO)
)
Package epstopdf-base Info: Redefining graphics rule for `[citation needed].eps' on input line 4
38[citation needed].
Package grfext Info: Graphics extension search list:
(grfext)             [[citation needed].pdf,[citation needed].png,[citation needed].jpg,[citation needed].mps,[citation needed].jpeg,[citation needed].jbig2,[citation needed].jb2,[citation needed].PDF,[citation needed].PNG,[citation needed].JPG,[citation needed].JPE
G,[citation needed].JBIG2,[citation needed].JB2,[citation needed].eps]
(grfext)             \AppendGraphicsExtensions on input line 456[citation needed].

(/usr/share/texlive/texmf-dist/tex/latex/latexconfig/epstopdf-sys[citation needed].cfg
File: epstopdf-sys[citation needed].cfg 2010/07/13 v1[citation needed].3 Configuration of (r)epstopdf for TeX Liv
e
))
ABD: EveryShipout initializing macros
\AtBeginShipoutBox=\box56
Package hyperref Info: Link coloring OFF on input line 55[citation needed].

(/usr/share/texlive/texmf-dist/tex/latex/hyperref/nameref[citation needed].sty
Package: nameref 2016/05/21 v2[citation needed].44 Cross-referencing by name of section

(/usr/share/texlive/texmf-dist/tex/generic/oberdiek/gettitlestring[citation needed].sty
Package: gettitlestring 2016/05/16 v1[citation needed].5 Cleanup title references (HO)
)
\c@section@level=\count168
)
LaTeX Info: Redefining \ref on input line 55[citation needed].
LaTeX Info: Redefining \pageref on input line 55[citation needed].
LaTeX Info: Redefining \nameref on input line 55[citation needed].

([citation needed]./Topic 2 - Version Control[citation needed].out) ([citation needed]./Topic 2 - Version Control[citation needed].out)
\@outlinefile=\write5
\openout5 = `"Topic 2 - Version Control[citation needed].out"'[citation needed].

LaTeX Font Info:    Overwriting symbol font `operators' in version `normal'
(Font)                  OT1/cmr/m/n --> OT1/cmss/m/n on input line 55[citation needed].
LaTeX Font Info:    Overwriting symbol font `operators' in version `bold'
(Font)                  OT1/cmr/bx/n --> OT1/cmss/bx/n on input line 55[citation needed].
\symnumbers=\mathgroup6
\sympureletters=\mathgroup7
LaTeX Font Info:    Overwriting math alphabet `\mathrm' in version `normal'
(Font)                  OT1/cmss/m/n --> OT1/cmr/m/n on input line 55[citation needed].
LaTeX Font Info:    Redeclaring math alphabet \mathbf on input line 55[citation needed].
LaTeX Font Info:    Overwriting math alphabet `\mathbf' in version `normal'
(Font)                  OT1/cmr/bx/n --> OT1/cmss/bx/n on input line 55[citation needed].
LaTeX Font Info:    Overwriting math alphabet `\mathbf' in version `bold'
(Font)                  OT1/cmr/bx/n --> OT1/cmss/bx/n on input line 55[citation needed].
LaTeX Font Info:    Redeclaring math alphabet \mathsf on input line 55[citation needed].
LaTeX Font Info:    Overwriting math alphabet `\mathsf' in version `normal'
(Font)                  OT1/cmss/m/n --> OT1/cmss/m/n on input line 55[citation needed].
LaTeX Font Info:    Overwriting math alphabet `\mathsf' in version `bold'
(Font)                  OT1/cmss/bx/n --> OT1/cmss/m/n on input line 55[citation needed].
LaTeX Font Info:    Redeclaring math alphabet \mathit on input line 55[citation needed].
LaTeX Font Info:    Overwriting math alphabet `\mathit' in version `normal'
(Font)                  OT1/cmr/m/it --> OT1/cmss/m/it on input line 55[citation needed].
LaTeX Font Info:    Overwriting math alphabet `\mathit' in version `bold'
(Font)                  OT1/cmr/bx/it --> OT1/cmss/m/it on input line 55[citation needed].
LaTeX Font Info:    Redeclaring math alphabet \mathtt on input line 55[citation needed].
LaTeX Font Info:    Overwriting math alphabet `\mathtt' in version `normal'
(Font)                  OT1/cmtt/m/n --> OT1/cmtt/m/n on input line 55[citation needed].
LaTeX Font Info:    Overwriting math alphabet `\mathtt' in version `bold'
(Font)                  OT1/cmtt/m/n --> OT1/cmtt/m/n on input line 55[citation needed].
LaTeX Font Info:    Overwriting symbol font `numbers' in version `bold'
(Font)                  OT1/cmss/m/n --> OT1/cmss/bx/n on input line 55[citation needed].
LaTeX Font Info:    Overwriting symbol font `pureletters' in version `bold'
(Font)                  OT1/cmss/m/it --> OT1/cmss/bx/it on input line 55[citation needed].
LaTeX Font Info:    Overwriting math alphabet `\mathrm' in version `bold'
(Font)                  OT1/cmss/bx/n --> OT1/cmr/bx/n on input line 55[citation needed].
LaTeX Font Info:    Overwriting math alphabet `\mathbf' in version `bold'
(Font)                  OT1/cmss/bx/n --> OT1/cmss/bx/n on input line 55[citation needed].
LaTeX Font Info:    Overwriting math alphabet `\mathsf' in version `bold'
(Font)                  OT1/cmss/m/n --> OT1/cmss/bx/n on input line 55[citation needed].
LaTeX Font Info:    Overwriting math alphabet `\mathit' in version `bold'
(Font)                  OT1/cmss/m/it --> OT1/cmss/bx/it on input line 55[citation needed].
LaTeX Font Info:    Overwriting math alphabet `\mathtt' in version `bold'
(Font)                  OT1/cmtt/m/n --> OT1/cmtt/bx/n on input line 55[citation needed].
LaTeX Font Info:    Redeclaring symbol font `pureletters' on input line 55[citation needed].
LaTeX Font Info:    Overwriting symbol font `pureletters' in version `normal'
(Font)                  OT1/cmss/m/it --> OT1/mathkerncmss/m/sl on input line 5
5[citation needed].
LaTeX Font Info:    Overwriting symbol font `pureletters' in version `bold'
(Font)                  OT1/cmss/bx/it --> OT1/mathkerncmss/m/sl on input line 
55[citation needed].
LaTeX Font Info:    Overwriting symbol font `pureletters' in version `bold'
(Font)                  OT1/mathkerncmss/m/sl --> OT1/mathkerncmss/bx/sl on inp
ut line 55[citation needed].

(/usr/share/texlive/texmf-dist/tex/latex/translator/translator-basic-dictionary
-English[citation needed].dict
Dictionary: translator-basic-dictionary, Language: English 
)
(/usr/share/texlive/texmf-dist/tex/latex/translator/translator-bibliography-dic
tionary-English[citation needed].dict
Dictionary: translator-bibliography-dictionary, Language: English 
)
(/usr/share/texlive/texmf-dist/tex/latex/translator/translator-environment-dict
ionary-English[citation needed].dict
Dictionary: translator-environment-dictionary, Language: English 
)
(/usr/share/texlive/texmf-dist/tex/latex/translator/translator-months-dictionar
y-English[citation needed].dict
Dictionary: translator-months-dictionary, Language: English 
)
(/usr/share/texlive/texmf-dist/tex/latex/translator/translator-numbers-dictiona
ry-English[citation needed].dict
Dictionary: translator-numbers-dictionary, Language: English 
)
(/usr/share/texlive/texmf-dist/tex/latex/translator/translator-theorem-dictiona
ry-English[citation needed].dict
Dictionary: translator-theorem-dictionary, Language: English 
)
\c@lstlisting=\count169
 ([citation needed]./Topic 2 - Version Control[citation needed].nav) [1{/var/lib/texmf/fonts/map/pdftex/updmap/pd
ftex[citation needed].map}

] ([citation needed]./Topic 2 - Version Control[citation needed].toc) [2

]
<meme3[citation needed].jpeg, id=241, 501[citation needed].875pt x 758[citation needed].835pt>
File: meme3[citation needed].jpeg Graphic file (type jpg)
<use meme3[citation needed].jpeg>
Package pdftex[citation needed].def Info: meme3[citation needed].jpeg  used on input line 75[citation needed].
(pdftex[citation needed].def)             Requested size: 120[citation needed].45245pt x 182[citation needed].12411pt[citation needed].
 [3

 <[citation needed]./meme3[citation needed].jpeg>]
<gridlock[citation needed].png, id=304, 1027[citation needed].84pt x 502[citation needed].87875pt>
File: gridlock[citation needed].png Graphic file (type png)
<use gridlock[citation needed].png>
Package pdftex[citation needed].def Info: gridlock[citation needed].png  used on input line 82[citation needed].
(pdftex[citation needed].def)             Requested size: 308[citation needed].35437pt x 150[citation needed].86478pt[citation needed].

Overfull \hbox (1[citation needed].0645pt too wide) in paragraph at lines 82--82
 [] 
 []

[4

 <[citation needed]./gridlock[citation needed].png>]
LaTeX Font Info:    Try loading font information for U+msa on input line 99[citation needed].
 (/usr/share/texlive/texmf-dist/tex/latex/amsfonts/umsa[citation needed].fd
File: umsa[citation needed].fd 2013/01/14 v3[citation needed].01 AMS symbols A
)
LaTeX Font Info:    Try loading font information for U+msb on input line 99[citation needed].
(/usr/share/texlive/texmf-dist/tex/latex/amsfonts/umsb[citation needed].fd
File: umsb[citation needed].fd 2013/01/14 v3[citation needed].01 AMS symbols B
)
LaTeX Font Info:    Try loading font information for OT1+mathkerncmss on input 
line 99[citation needed].

(/usr/share/texlive/texmf-dist/tex/latex/sansmathaccent/ot1mathkerncmss[citation needed].fd
File: ot1mathkerncmss[citation needed].fd 2013/03/27 Fontinst v1[citation needed].933 font definitions for OT1/ma
thkerncmss[citation needed].
)
[5

] [6

]
<modernproblems[citation needed].jpg, id=493, 301[citation needed].125pt x 227[citation needed].85126pt>
File: modernproblems[citation needed].jpg Graphic file (type jpg)
<use modernproblems[citation needed].jpg>
Package pdftex[citation needed].def Info: modernproblems[citation needed].jpg  used on input line 120[citation needed].
(pdftex[citation needed].def)             Requested size: 240[citation needed].90031pt x 182[citation needed].28123pt[citation needed].
 [7

 <[citation needed]./modernproblems[citation needed].jpg>] [8

]
<repousage[citation needed].png, id=619, 642[citation needed].4pt x 389[citation needed].455pt>
File: repousage[citation needed].png Graphic file (type png)
<use repousage[citation needed].png>
Package pdftex[citation needed].def Info: repousage[citation needed].png  used on input line 136[citation needed].
(pdftex[citation needed].def)             Requested size: 256[citation needed].95544pt x 155[citation needed].77924pt[citation needed].
 [9

 <[citation needed]./repousage[citation needed].png>]
<linus[citation needed].png, id=682, 152[citation needed].57pt x 168[citation needed].63pt>
File: linus[citation needed].png Graphic file (type png)
<use linus[citation needed].png>
Package pdftex[citation needed].def Info: linus[citation needed].png  used on input line 159[citation needed].
(pdftex[citation needed].def)             Requested size: 91[citation needed].5427pt x 101[citation needed].17877pt[citation needed].
 [10

 <[citation needed]./linus[citation needed].png>]
<traddist[citation needed].png, id=746, 702[citation needed].625pt x 258[citation needed].9675pt>
File: traddist[citation needed].png Graphic file (type png)
<use traddist[citation needed].png>
Package pdftex[citation needed].def Info: traddist[citation needed].png  used on input line 167[citation needed].
(pdftex[citation needed].def)             Requested size: 281[citation needed].04501pt x 103[citation needed].58514pt[citation needed].
[11

 <[citation needed]./traddist[citation needed].png>]
(/usr/share/texlive/texmf-dist/tex/latex/listings/lstlang1[citation needed].sty
File: lstlang1[citation needed].sty 2015/06/04 1[citation needed].6 listings language file
)
(/usr/share/texlive/texmf-dist/tex/latex/listings/lstmisc[citation needed].sty
File: lstmisc[citation needed].sty 2015/06/04 1[citation needed].6 (Carsten Heinz)
)
(/usr/share/texlive/texmf-dist/tex/latex/listings/lstlang1[citation needed].sty
File: lstlang1[citation needed].sty 2015/06/04 1[citation needed].6 listings language file
)
(/usr/share/texlive/texmf-dist/tex/latex/listings/lstlang1[citation needed].sty
File: lstlang1[citation needed].sty 2015/06/04 1[citation needed].6 listings language file
) [12

] [13

]
[14

]
<xkcd[citation needed].png, id=1000, 396[citation needed].58162pt x 225[citation needed].84375pt>
File: xkcd[citation needed].png Graphic file (type png)
<use xkcd[citation needed].png>
Package pdftex[citation needed].def Info: xkcd[citation needed].png  used on input line 230[citation needed].
(pdftex[citation needed].def)             Requested size: 237[citation needed].9508pt x 135[citation needed].50728pt[citation needed].
 [15

 <[citation needed]./xkcd[citation needed].png>]
<octocat[citation needed].png, id=1063, 461[citation needed].725pt x 461[citation needed].725pt>
File: octocat[citation needed].png Graphic file (type png)
<use octocat[citation needed].png>
Package pdftex[citation needed].def Info: octocat[citation needed].png  used on input line 261[citation needed].
(pdftex[citation needed].def)             Requested size: 69[citation needed].25575pt x 69[citation needed].25575pt[citation needed].
 [16

 <[citation needed]./octocat[citation needed].png (PNG copy)>]
<commitchain[citation needed].png, id=1126, 1274[citation needed].7625pt x 529[citation needed].98pt>
File: commitchain[citation needed].png Graphic file (type png)
<use commitchain[citation needed].png>
Package pdftex[citation needed].def Info: commitchain[citation needed].png  used on input line 273[citation needed].
(pdftex[citation needed].def)             Requested size: 254[citation needed].94798pt x 105[citation needed].99411pt[citation needed].
 [17

 <[citation needed]./commitchain[citation needed].png>]
<internet[citation needed].png, id=1189, 301[citation needed].125pt x 168[citation needed].63pt>
File: internet[citation needed].png Graphic file (type png)
<use internet[citation needed].png>
Package pdftex[citation needed].def Info: internet[citation needed].png  used on input line 305[citation needed].
(pdftex[citation needed].def)             Requested size: 105[citation needed].39532pt x 59[citation needed].02138pt[citation needed].

Overfull \hbox (23[citation needed].08331pt too wide) in paragraph at lines 305--305
[][]  
 []

[18

 <[citation needed]./internet[citation needed].png>]
<github[citation needed].png, id=1253, 1076[citation needed].02pt x 383[citation needed].4325pt>
File: github[citation needed].png Graphic file (type png)
<use github[citation needed].png>
Package pdftex[citation needed].def Info: github[citation needed].png  used on input line 317[citation needed].
(pdftex[citation needed].def)             Requested size: 269[citation needed].00435pt x 95[citation needed].85788pt[citation needed].
 [19

 <[citation needed]./github[citation needed].png>]
<Fire[citation needed].png, id=1317, 923[citation needed].45pt x 631[citation needed].35875pt>
File: Fire[citation needed].png Graphic file (type png)
<use Fire[citation needed].png>
Package pdftex[citation needed].def Info: Fire[citation needed].png  used on input line 337[citation needed].
(pdftex[citation needed].def)             Requested size: 138[citation needed].51152pt x 94[citation needed].69972pt[citation needed].
 [20

 <[citation needed]./Fire[citation needed].png>]
LaTeX Font Info:    Font shape `OT1/cmtt/bx/n' in size <10[citation needed].95> not available
(Font)              Font shape `OT1/cmtt/m/n' tried instead on input line 349[citation needed].
<git-branches-merge[citation needed].png, id=1381, 971[citation needed].63pt x 497[citation needed].86pt>
File: git-branches-merge[citation needed].png Graphic file (type png)
<use git-branches-merge[citation needed].png>
Package pdftex[citation needed].def Info: git-branches-merge[citation needed].png  used on input line 349[citation needed].
(pdftex[citation needed].def)             Requested size: 145[citation needed].7382pt x 74[citation needed].67577pt[citation needed].
 [21

 <[citation needed]./git-branches-merge[citation needed].png>] [22

]
<gitlogallgraph[citation needed].png, id=1506, 1845[citation needed].89626pt x 1438[citation needed].37375pt>
File: gitlogallgraph[citation needed].png Graphic file (type png)
<use gitlogallgraph[citation needed].png>
Package pdftex[citation needed].def Info: gitlogallgraph[citation needed].png  used on input line 375[citation needed].
(pdftex[citation needed].def)             Requested size: 221[citation needed].49799pt x 172[citation needed].5974pt[citation needed].
 [23

 <[citation needed]./gitlogallgraph[citation needed].png>] [24

] [25

]
LaTeX Font Info:    Try loading font information for OML+cmss on input line 416
[citation needed].
LaTeX Font Info:    No file OMLcmss[citation needed].fd[citation needed]. on input line 416[citation needed].


LaTeX Font Warning: Font shape `OML/cmss/m/n' undefined
(Font)              using `OML/cmm/m/it' instead
(Font)              for symbol `textless' on input line 416[citation needed].

[26

] [27

]
<meme2[citation needed].jpg, id=1818, 501[citation needed].875pt x 504[citation needed].88625pt>
File: meme2[citation needed].jpg Graphic file (type jpg)
<use meme2[citation needed].jpg>
Package pdftex[citation needed].def Info: meme2[citation needed].jpg  used on input line 441[citation needed].
(pdftex[citation needed].def)             Requested size: 175[citation needed].65887pt x 176[citation needed].71283pt[citation needed].
 [28

 <[citation needed]./meme2[citation needed].jpg>] [29

]
\tf@nav=\write6
\openout6 = `"Topic 2 - Version Control[citation needed].nav"'[citation needed].

\tf@toc=\write7
\openout7 = `"Topic 2 - Version Control[citation needed].toc"'[citation needed].

\tf@snm=\write8
\openout8 = `"Topic 2 - Version Control[citation needed].snm"'[citation needed].

Package atveryend Info: Empty hook `BeforeClearDocument' on input line 449[citation needed].
Package atveryend Info: Empty hook `AfterLastShipout' on input line 449[citation needed].
 ([citation needed]./Topic 2 - Version Control[citation needed].aux)
Package atveryend Info: Executing hook `AtVeryEndDocument' on input line 449[citation needed].
Package atveryend Info: Executing hook `AtEndAfterFileList' on input line 449[citation needed].
Package rerunfilecheck Info: File `"Topic 2 - Version Control"[citation needed].out' has not cha
nged[citation needed].
(rerunfilecheck)             Checksum: 8FECFE12694D9841E628AE8B23D803B3;363[citation needed].


LaTeX Font Warning: Some font shapes were not available, defaults substituted[citation needed].

 ) 
Here is how much of TeX's memory you used:
 19470 strings out of 494880
 357590 string characters out of 6179600
 475710 words of memory out of 5000000
 22275 multiletter control sequences out of 15000+600000
 17940 words of font info for 66 fonts, out of 8000000 for 9000
 36 hyphenation exceptions out of 8191
 56i,19n,60p,812b,1353s stack positions out of 5000i,500n,10000p,200000b,80000s
</usr/share/texlive/texmf-dist/fonts/type1/public/amsfonts/cm/cmmi10[citation needed].pfb></us
r/share/texlive/texmf-dist/fonts/type1/public/amsfonts/cm/cmss10[citation needed].pfb></usr/shar
e/texlive/texmf-dist/fonts/type1/public/amsfonts/cm/cmss12[citation needed].pfb></usr/share/texl
ive/texmf-dist/fonts/type1/public/amsfonts/cm/cmss8[citation needed].pfb></usr/share/texlive/tex
mf-dist/fonts/type1/public/amsfonts/cm/cmss9[citation needed].pfb></usr/share/texlive/texmf-dist
/fonts/type1/public/amsfonts/cm/cmssbx10[citation needed].pfb></usr/share/texlive/texmf-dist/fon
ts/type1/public/amsfonts/cm/cmssi10[citation needed].pfb></usr/share/texlive/texmf-dist/fonts/ty
pe1/public/amsfonts/cm/cmtt10[citation needed].pfb></usr/share/texlive/texmf-dist/fonts/type1/pu
blic/amsfonts/cm/cmtt9[citation needed].pfb></usr/share/texlive/texmf-dist/fonts/type1/public/am
sfonts/symbols/msam10[citation needed].pfb>
Output written on "Topic 2 - Version Control[citation needed].pdf" (29 pages, 2812542 bytes)[citation needed].
PDF statistics:
 1992 PDF objects out of 2073 (max[citation needed]. 8388607)
 1864 compressed objects within 19 object streams
 66 named destinations out of 1000 (max[citation needed]. 500000)
 174 words of extra memory for PDF output out of 10000 (max[citation needed]. 10000000)

